2019-08-06 19:52:50.624 IST: [tng] {INFO} TNG logdirectory='/home/mohan/pytho_unitest/tnglogs/mohan/20190806-195250'
2019-08-06 19:52:50.625 IST: [tng] {INFO} Starting TNG pi version=v3.7.16-72-g6b36c2333 (Python 2.7.15)
2019-08-06 19:52:50.626 IST: [tng] {WARNING} Python 2 is entering its last year of official support. TNGpi recommends Python 3.6 or newer!
2019-08-06 19:52:50.627 IST: [tng] {INFO} Please give Python 3.6+ a try, and report any issues you should find!
2019-08-06 19:52:50.645 IST: [TestFramework] {INFO} Starting TNG test 'SingleFileTestScript.test_add'
2019-08-06 19:52:50.646 IST: [TestFramework] {INFO} Test Success test_add (test_calc.SingleFileTestScript)
2019-08-06 19:52:50.661 IST: [TestFramework] {INFO} Starting TNG test 'SingleFileTestScript.test_divide'
2019-08-06 19:52:50.662 IST: [TestFramework] {INFO} Test Success test_divide (test_calc.SingleFileTestScript)
2019-08-06 19:52:50.664 IST: [TestFramework] {INFO} Starting TNG test 'SingleFileTestScript.test_multiply'
2019-08-06 19:52:50.665 IST: [TestFramework] {INFO} Test Success test_multiply (test_calc.SingleFileTestScript)
2019-08-06 19:52:50.673 IST: [TestFramework] {INFO} Writing HTML test report to ./tnglogs/mohan/20190806-195250/results.html
2019-08-06 19:52:50.720 IST: [TestFramework] {INFO} 
==================================================
Test run completed in 0 secs
Results:
                   |  Passed |  Failed | Skipped
Tests              |       3 |       0 |       0
Media              |         |       0 |
==================================================
2019-08-06 19:52:50.732 IST: [tng] {INFO} Stopping TNG pi
2019-08-06 19:52:50.735 IST: [tng] {INFO} TNG logdirectory='/home/mohan/pytho_unitest/tnglogs/mohan/20190806-195250'
