2019-08-06 20:01:43.759 IST: [tng] {INFO} TNG logdirectory='/home/mohan/pytho_unitest/tnglogs/mohan/20190806-200143'
2019-08-06 20:01:43.760 IST: [tng] {INFO} Starting TNG pi version=v3.7.16-72-g6b36c2333 (Python 2.7.15)
2019-08-06 20:01:43.761 IST: [tng] {WARNING} Python 2 is entering its last year of official support. TNGpi recommends Python 3.6 or newer!
2019-08-06 20:01:43.762 IST: [tng] {INFO} Please give Python 3.6+ a try, and report any issues you should find!
2019-08-06 20:01:43.790 IST: [TestFramework] {INFO} Starting TNG test 'SingleFileTestScript.test_add'
2019-08-06 20:01:43.791 IST: [TestFramework] {INFO} Test Success test_add (test_calc.SingleFileTestScript)
2019-08-06 20:01:43.802 IST: [TestFramework] {INFO} Starting TNG test 'SingleFileTestScript.test_divide'
2019-08-06 20:01:43.802 IST: [TestFramework] {INFO} Test Success test_divide (test_calc.SingleFileTestScript)
2019-08-06 20:01:43.804 IST: [TestFramework] {INFO} Starting TNG test 'SingleFileTestScript.test_multiply'
2019-08-06 20:01:43.804 IST: [TestFramework] {INFO} Test Success test_multiply (test_calc.SingleFileTestScript)
2019-08-06 20:01:43.813 IST: [TestFramework] {INFO} Writing HTML test report to ./tnglogs/mohan/20190806-200143/results.html
2019-08-06 20:01:43.854 IST: [TestFramework] {INFO} 
==================================================
Test run completed in 0 secs
Results:
                   |  Passed |  Failed | Skipped
Tests              |       3 |       0 |       0
Media              |         |       0 |
==================================================
2019-08-06 20:01:43.863 IST: [tng] {INFO} Stopping TNG pi
2019-08-06 20:01:43.866 IST: [tng] {INFO} TNG logdirectory='/home/mohan/pytho_unitest/tnglogs/mohan/20190806-200143'
