2019-08-06 16:48:56.304 IST: [tng] {INFO} TNG logdirectory='/home/mohan/pytho_unitest/tnglogs/mohan/20190806-164856'
2019-08-06 16:48:56.305 IST: [tng] {INFO} Starting TNG pi version=v3.7.16-72-g6b36c2333 (Python 2.7.15)
2019-08-06 16:48:56.306 IST: [tng] {WARNING} Python 2 is entering its last year of official support. TNGpi recommends Python 3.6 or newer!
2019-08-06 16:48:56.307 IST: [tng] {INFO} Please give Python 3.6+ a try, and report any issues you should find!
2019-08-06 16:48:56.326 IST: [TestFramework] {INFO} Starting TNG test 'SingleFileTestScript.test_add'
2019-08-06 16:48:56.327 IST: [TestFramework] {INFO} Test Success test_add (test_calc.SingleFileTestScript)
2019-08-06 16:48:56.330 IST: [TestFramework] {DEBUG} Stopping TNG test 'SingleFileTestScript.test_add'
2019-08-06 16:48:56.330 IST: [TestFramework] {INFO} Starting TNG test 'SingleFileTestScript.test_divide'
2019-08-06 16:48:56.332 IST: [TestFramework] {ERROR} Test Failure test_divide (test_calc.SingleFileTestScript)
Traceback (most recent call last):
  File "/usr/lib/python2.7/unittest/case.py", line 329, in run
    testMethod()
  File "test_calc.py", line 38, in test_divide
    self.assertEqual(calc.multiply(10, 5), 2)
  File "/usr/lib/python2.7/unittest/case.py", line 513, in assertEqual
    assertion_func(first, second, msg=msg)
  File "/usr/lib/python2.7/unittest/case.py", line 506, in _baseAssertEqual
    raise self.failureException(msg)
AssertionError: 50 != 2

2019-08-06 16:48:56.333 IST: [TestFramework] {DEBUG} Stopping TNG test 'SingleFileTestScript.test_divide'
2019-08-06 16:48:56.334 IST: [TestFramework] {INFO} Starting TNG test 'SingleFileTestScript.test_multiply'
2019-08-06 16:48:56.335 IST: [TestFramework] {INFO} Test Success test_multiply (test_calc.SingleFileTestScript)
2019-08-06 16:48:56.336 IST: [TestFramework] {DEBUG} Stopping TNG test 'SingleFileTestScript.test_multiply'
2019-08-06 16:48:56.363 IST: [TestFramework] {INFO} Writing HTML test report to ./tnglogs/mohan/20190806-164856/results.html
2019-08-06 16:48:56.420 IST: [TestFramework] {INFO} 
==================================================
Test run completed in 0 secs
Results:
                   |  Passed |  Failed | Skipped
Tests              |       2 |       1 |       0
Media              |         |       0 |
==================================================
2019-08-06 16:48:56.440 IST: [tng] {INFO} Stopping TNG pi
2019-08-06 16:48:56.442 IST: [tng] {INFO} TNG logdirectory='/home/mohan/pytho_unitest/tnglogs/mohan/20190806-164856'
