2019-08-02 20:57:32.947 IST: [tng] {INFO} TNG logdirectory='/home/mohan/pytho_unitest/tnglogs/mohan/20190802-205732'
2019-08-02 20:57:32.949 IST: [tng] {INFO} Starting TNG pi version=v3.7.16-72-g6b36c2333 (Python 2.7.15)
2019-08-02 20:57:32.950 IST: [tng] {WARNING} Python 2 is entering its last year of official support. TNGpi recommends Python 3.6 or newer!
2019-08-02 20:57:32.950 IST: [tng] {INFO} Please give Python 3.6+ a try, and report any issues you should find!
2019-08-02 20:57:32.969 IST: [TestFramework] {INFO} Starting TNG test 'SingleFileTestScript.test_add'
2019-08-02 20:57:32.970 IST: [TestFramework] {INFO} Test Success test_add (test_calc.SingleFileTestScript)
2019-08-02 20:57:32.974 IST: [TestFramework] {INFO} Starting TNG test 'SingleFileTestScript.test_divide'
2019-08-02 20:57:32.975 IST: [TestFramework] {ERROR} Test Failure test_divide (test_calc.SingleFileTestScript)
Traceback (most recent call last):
  File "/usr/lib/python2.7/unittest/case.py", line 329, in run
    testMethod()
  File "test_calc.py", line 38, in test_divide
    self.assertEqual(calc.multiply(10, 5), 4)
  File "/usr/lib/python2.7/unittest/case.py", line 513, in assertEqual
    assertion_func(first, second, msg=msg)
  File "/usr/lib/python2.7/unittest/case.py", line 506, in _baseAssertEqual
    raise self.failureException(msg)
AssertionError: 50 != 4

2019-08-02 20:57:32.977 IST: [TestFramework] {INFO} Starting TNG test 'SingleFileTestScript.test_multiply'
2019-08-02 20:57:32.978 IST: [TestFramework] {INFO} Test Success test_multiply (test_calc.SingleFileTestScript)
2019-08-02 20:57:32.986 IST: [TestFramework] {INFO} Writing HTML test report to ./tnglogs/mohan/20190802-205732/results.html
2019-08-02 20:57:33.018 IST: [TestFramework] {INFO} 
==================================================
Test run completed in 0 secs
Results:
                   |  Passed |  Failed | Skipped
Tests              |       2 |       1 |       0
Media              |         |       0 |
==================================================
2019-08-02 20:57:33.027 IST: [tng] {INFO} Stopping TNG pi
2019-08-02 20:57:33.030 IST: [tng] {INFO} TNG logdirectory='/home/mohan/pytho_unitest/tnglogs/mohan/20190802-205732'
